<?xml version="1.0" encoding="UTF-8"?>
<!-- Generated by org.testng.reporters.JUnitReportReporter -->
<testsuite hostname="dell-PC" name="framework_testNG.VerifyLogin_Testng" tests="1" failures="0" timestamp="22 Aug 2019 17:13:59 GMT" time="16.987" errors="0">
  <testcase name="verifylogin" time="16.987" classname="framework_testNG.VerifyLogin_Testng"/>
</testsuite> <!-- framework_testNG.VerifyLogin_Testng -->
