<?xml version="1.0" encoding="UTF-8"?>
<!-- Generated by org.testng.reporters.JUnitReportReporter -->
<testsuite hostname="dell-PC" name="framework_testNG.Login_Testng" tests="2" failures="0" timestamp="21 Aug 2019 15:39:22 GMT" time="0.067" errors="0">
  <testcase name="login" time="0.062" classname="framework_testNG.Login_Testng"/>
  <testcase name="logout" time="0.005" classname="framework_testNG.Login_Testng"/>
</testsuite> <!-- framework_testNG.Login_Testng -->
