<?xml version="1.0" encoding="UTF-8"?>
<!-- Generated by org.testng.reporters.JUnitReportReporter -->
<testsuite hostname="dell-PC" name="framework_testNG.AddNewEmp_Testng$TC_102_AddNewEmp" tests="1" failures="0" timestamp="22 Aug 2019 17:13:59 GMT" time="27.191" errors="0">
  <testcase name="addnewemp" time="27.191" classname="framework_testNG.AddNewEmp_Testng$TC_102_AddNewEmp"/>
</testsuite> <!-- framework_testNG.AddNewEmp_Testng$TC_102_AddNewEmp -->
